Base path: C:/Program Files/Unity/Editor/Data
Pipe name: \\.\pipe\UnityShaderCompiler-64bit-1-448
Cmd: getPlatforms
Cmd: preprocess
  insize=770 outsize=285 ok=1
Cmd: compileSnippet
  api=4 type=0 insize=787 outsize=1071 kw= ok=1
Cmd: compileSnippet
  api=4 type=1 insize=787 outsize=713 kw= ok=1
Cmd: preprocess
  insize=655 outsize=283 ok=1
Cmd: compileSnippet
  api=4 type=0 insize=674 outsize=1152 kw= ok=1
Cmd: compileSnippet
  api=4 type=1 insize=674 outsize=616 kw= ok=1
Cmd: preprocess
  insize=843 outsize=432 ok=1
Cmd: compileSnippet
  api=4 type=0 insize=710 outsize=754 kw= ok=1
Cmd: compileSnippet
  api=4 type=1 insize=710 outsize=616 kw= ok=1
Cmd: compileSnippet
  api=4 type=0 insize=717 outsize=754 kw= ok=1
Cmd: compileSnippet
  api=4 type=1 insize=717 outsize=794 kw= ok=1
Cmd: preprocess
  insize=441 outsize=261 ok=1
Cmd: compileSnippet
  api=4 type=0 insize=482 outsize=591 kw= ok=1
Cmd: compileSnippet
  api=4 type=1 insize=482 outsize=453 kw= ok=1
Cmd: preprocess
  insize=207 outsize=204 ok=1
Cmd: preprocess
  insize=651 outsize=317 ok=1
Cmd: compileSnippet
  api=4 type=0 insize=635 outsize=1071 kw= ok=1
Cmd: compileSnippet
  api=4 type=1 insize=635 outsize=526 kw= ok=1
Cmd: preprocess
  insize=912 outsize=507 ok=1
Cmd: compileSnippet
  api=4 type=0 insize=704 outsize=754 kw= ok=1
Cmd: compileSnippet
  api=4 type=1 insize=704 outsize=616 kw= ok=1
Cmd: compileSnippet
  api=4 type=0 insize=711 outsize=754 kw= ok=1
Cmd: compileSnippet
  api=4 type=1 insize=711 outsize=794 kw= ok=1
Cmd: preprocess
  insize=821 outsize=283 ok=1
Cmd: compileSnippet
  api=4 type=0 insize=840 outsize=1071 kw= ok=1
Cmd: compileSnippet
  api=4 type=1 insize=840 outsize=811 kw= ok=1
Cmd: compileSnippet
  api=4 type=0 insize=990 outsize=1087 kw= ok=1
Cmd: compileSnippet
  api=4 type=1 insize=990 outsize=713 kw= ok=1
Cmd: preprocess
  insize=770 outsize=285 ok=1
Cmd: preprocess
  insize=1588 outsize=550 ok=1
Cmd: compileSnippet
  api=4 type=0 insize=1340 outsize=1266 kw= ok=1
Cmd: compileSnippet
  api=4 type=1 insize=1340 outsize=1981 kw= ok=1
Cmd: preprocess
  insize=1774 outsize=530 ok=1
Cmd: compileSnippet
  api=4 type=0 insize=1546 outsize=1266 kw= ok=1
Cmd: compileSnippet
  api=4 type=1 insize=1546 outsize=2338 kw= ok=1
Cmd: preprocess
  insize=655 outsize=283 ok=1
Cmd: preprocess
  insize=843 outsize=432 ok=1
Cmd: preprocess
  insize=441 outsize=261 ok=1
Cmd: preprocess
  insize=207 outsize=204 ok=1
Cmd: preprocess
  insize=651 outsize=317 ok=1
Cmd: preprocess
  insize=912 outsize=507 ok=1
Cmd: preprocess
  insize=1939 outsize=575 ok=1
Cmd: compileSnippet
  api=4 type=0 insize=1665 outsize=1266 kw= ok=1
Cmd: compileSnippet
  api=4 type=1 insize=1665 outsize=2850 kw= ok=1
Cmd: preprocess
  insize=821 outsize=283 ok=1
Cmd: preprocess
  insize=1525 outsize=490 ok=1
Cmd: compileSnippet
  api=4 type=0 insize=1336 outsize=1266 kw= ok=1
Cmd: compileSnippet
  api=4 type=1 insize=1336 outsize=1924 kw= ok=1
Cmd: compileSnippet
  api=4 type=0 insize=1482 outsize=1290 kw=SOFTPARTICLES_OFF ok=1
Cmd: compileSnippet
  api=4 type=1 insize=1482 outsize=827 kw=SOFTPARTICLES_OFF ok=1
